Execution log for ar_cl2_en_scan_jit2
[2026-01-22 15:32:16] Starting sweep with 10 run(s) in parallel (workers=4)
[2026-01-22 15:32:16] Queue run 'Ar_Cl2_EN_50.0' (E/N=50.0 Td)
[2026-01-22 15:32:16] Queue run 'Ar_Cl2_EN_100.0' (E/N=100.0 Td)
[2026-01-22 15:32:16] Queue run 'Ar_Cl2_EN_150.0' (E/N=150.0 Td)
[2026-01-22 15:32:16] Queue run 'Ar_Cl2_EN_200.0' (E/N=200.0 Td)
[2026-01-22 15:32:16] Queue run 'Ar_Cl2_EN_250.0' (E/N=250.0 Td)
[2026-01-22 15:32:16] Queue run 'Ar_Cl2_EN_300.0' (E/N=300.0 Td)
[2026-01-22 15:32:16] Queue run 'Ar_Cl2_EN_350.0' (E/N=350.0 Td)
[2026-01-22 15:32:16] Queue run 'Ar_Cl2_EN_400.0' (E/N=400.0 Td)
[2026-01-22 15:32:16] Queue run 'Ar_Cl2_EN_450.0' (E/N=450.0 Td)
[2026-01-22 15:32:16] Queue run 'Ar_Cl2_EN_500.0' (E/N=500.0 Td)
[2026-01-22 15:32:22] Finished run 'Ar_Cl2_EN_200.0' in 5.041 s
[2026-01-22 15:32:24] Finished run 'Ar_Cl2_EN_150.0' in 6.354 s
[2026-01-22 15:32:26] Finished run 'Ar_Cl2_EN_100.0' in 8.369 s
[2026-01-22 15:32:28] Finished run 'Ar_Cl2_EN_250.0' in 5.368 s
[2026-01-22 15:32:28] Finished run 'Ar_Cl2_EN_300.0' in 4.500 s
[2026-01-22 15:32:29] Finished run 'Ar_Cl2_EN_350.0' in 3.658 s
[2026-01-22 15:32:30] Finished run 'Ar_Cl2_EN_50.0' in 13.019 s
[2026-01-22 15:32:33] Finished run 'Ar_Cl2_EN_450.0' in 4.493 s
[2026-01-22 15:32:33] Finished run 'Ar_Cl2_EN_400.0' in 5.165 s
[2026-01-22 15:32:34] Finished run 'Ar_Cl2_EN_500.0' in 4.257 s
[2026-01-22 15:32:34] Completed sweep in 17.625 s
