Execution log for ar_cl2_en_scan_jit
[2026-01-22 12:29:52] Starting sweep with 10 run(s) in parallel (workers=4)
[2026-01-22 12:29:52] Queue run 'Ar_Cl2_EN_50.0' (E/N=50.0 Td)
[2026-01-22 12:29:52] Queue run 'Ar_Cl2_EN_100.0' (E/N=100.0 Td)
[2026-01-22 12:29:52] Queue run 'Ar_Cl2_EN_150.0' (E/N=150.0 Td)
[2026-01-22 12:29:52] Queue run 'Ar_Cl2_EN_200.0' (E/N=200.0 Td)
[2026-01-22 12:29:52] Queue run 'Ar_Cl2_EN_250.0' (E/N=250.0 Td)
[2026-01-22 12:29:52] Queue run 'Ar_Cl2_EN_300.0' (E/N=300.0 Td)
[2026-01-22 12:29:52] Queue run 'Ar_Cl2_EN_350.0' (E/N=350.0 Td)
[2026-01-22 12:29:52] Queue run 'Ar_Cl2_EN_400.0' (E/N=400.0 Td)
[2026-01-22 12:29:52] Queue run 'Ar_Cl2_EN_450.0' (E/N=450.0 Td)
[2026-01-22 12:29:52] Queue run 'Ar_Cl2_EN_500.0' (E/N=500.0 Td)
[2026-01-22 12:29:58] Finished run 'Ar_Cl2_EN_100.0' in 4.566 s
[2026-01-22 12:29:58] Finished run 'Ar_Cl2_EN_200.0' in 4.992 s
[2026-01-22 12:30:00] Finished run 'Ar_Cl2_EN_150.0' in 6.896 s
[2026-01-22 12:30:01] Finished run 'Ar_Cl2_EN_50.0' in 7.346 s
[2026-01-22 12:30:02] Finished run 'Ar_Cl2_EN_300.0' in 3.270 s
[2026-01-22 12:30:02] Finished run 'Ar_Cl2_EN_250.0' in 4.043 s
[2026-01-22 12:30:03] Finished run 'Ar_Cl2_EN_350.0' in 2.745 s
[2026-01-22 12:30:04] Finished run 'Ar_Cl2_EN_450.0' in 1.914 s
[2026-01-22 12:30:05] Finished run 'Ar_Cl2_EN_400.0' in 3.962 s
[2026-01-22 12:30:06] Finished run 'Ar_Cl2_EN_500.0' in 3.423 s
[2026-01-22 12:30:06] Completed sweep in 13.407 s
